WORK=C:\Users\Harmony\AppData\Local\Temp\go-build2180562540
mkdir -p $WORK\b001\
mkdir -p $WORK\b012\
mkdir -p $WORK\b015\
mkdir -p $WORK\b014\
mkdir -p $WORK\b018\
mkdir -p $WORK\b008\
mkdir -p $WORK\b017\
mkdir -p $WORK\b006\
mkdir -p $WORK\b026\
mkdir -p $WORK\b029\
mkdir -p $WORK\b025\
mkdir -p $WORK\b032\
mkdir -p $WORK\b016\
mkdir -p $WORK\b038\
mkdir -p $WORK\b034\
mkdir -p $WORK\b039\
mkdir -p $WORK\b046\
mkdir -p $WORK\b048\
mkdir -p $WORK\b049\
mkdir -p $WORK\b021\
mkdir -p $WORK\b028\
mkdir -p $WORK\b068\
mkdir -p $WORK\b063\
mkdir -p $WORK\b031\
mkdir -p $WORK\b011\
mkdir -p $WORK\b023\
mkdir -p $WORK\b042\
mkdir -p $WORK\b019\
mkdir -p $WORK\b005\
mkdir -p $WORK\b013\
mkdir -p $WORK\b010\
mkdir -p $WORK\b020\
mkdir -p $WORK\b022\
mkdir -p $WORK\b027\
mkdir -p $WORK\b030\
mkdir -p $WORK\b033\
mkdir -p $WORK\b043\
mkdir -p $WORK\b024\
mkdir -p $WORK\b061\
mkdir -p $WORK\b041\
mkdir -p $WORK\b009\
mkdir -p $WORK\b047\
mkdir -p $WORK\b040\
mkdir -p $WORK\b004\
mkdir -p $WORK\b055\
mkdir -p $WORK\b072\
mkdir -p $WORK\b059\
mkdir -p $WORK\b045\
mkdir -p $WORK\b003\
mkdir -p $WORK\b054\
mkdir -p $WORK\b037\
mkdir -p $WORK\b051\
mkdir -p $WORK\b073\
mkdir -p $WORK\b062\
mkdir -p $WORK\b052\
mkdir -p $WORK\b065\
mkdir -p $WORK\b071\
mkdir -p $WORK\b060\
mkdir -p $WORK\b044\
mkdir -p $WORK\b070\
mkdir -p $WORK\b056\
mkdir -p $WORK\b036\
mkdir -p $WORK\b058\
mkdir -p $WORK\b053\
mkdir -p $WORK\b066\
mkdir -p $WORK\b057\
mkdir -p $WORK\b050\
mkdir -p $WORK\b035\
mkdir -p $WORK\b002\
mkdir -p $WORK\b069\
mkdir -p $WORK\b074\
mkdir -p $WORK\b067\
mkdir -p $WORK\b076\
mkdir -p $WORK\b075\
mkdir -p $WORK\b064\
mkdir -p $WORK\b127\
cd C:\Program Files\Go\src\runtime\cgo
TERM='dumb' CGO_LDFLAGS='' "C:\\Program Files\\Go\\pkg\\tool\\windows_amd64\\cgo.exe" -objdir "$WORK\\b127\\" -importpath runtime/cgo -import_runtime_cgo=false -import_syscall=false "-ldflags=\"-O2\" \"-g\"" -- -I "$WORK\\b127\\" -O2 -g -Wall -Werror -fno-stack-protector -Wdeclaration-after-statement "C:\\Program Files\\Go\\src\\runtime\\cgo\\cgo.go"
runtime/cgo: C:\Program Files\Go\pkg\tool\windows_amd64\cgo.exe: exit status 2
rm -rf $WORK\b001\
FAIL	runtime/cgo [build failed]
FAIL
